<?xml version="1.0" encoding="UTF-8" ?>
<testsuite tests="4" failures="0" name="com.ioio.jsontools.core.rest.FilterServiceTest" time="0.059" errors="0" skipped="0">
  <properties>
    <property name="java.runtime.name" value="OpenJDK Runtime Environment"/>
    <property name="java.vm.version" value="11.0.2+9"/>
    <property name="sun.boot.library.path" value="/usr/local/lib/jvm/openjdk11/lib"/>
    <property name="maven.multiModuleProjectDirectory" value="/home/travis/build/Danieluss/IOIO"/>
    <property name="java.vm.vendor" value="Oracle Corporation"/>
    <property name="java.vendor.url" value="http://java.oracle.com/"/>
    <property name="guice.disable.misplaced.annotation.check" value="true"/>
    <property name="path.separator" value=":"/>
    <property name="java.vm.name" value="OpenJDK 64-Bit Server VM"/>
    <property name="sun.os.patch.level" value="unknown"/>
    <property name="user.country" value="US"/>
    <property name="sun.java.launcher" value="SUN_STANDARD"/>
    <property name="java.vm.specification.name" value="Java Virtual Machine Specification"/>
    <property name="user.dir" value="/home/travis/build/Danieluss/IOIO"/>
    <property name="java.vm.compressedOopsMode" value="32-bit"/>
    <property name="java.runtime.version" value="11.0.2+9"/>
    <property name="java.awt.graphicsenv" value="sun.awt.X11GraphicsEnvironment"/>
    <property name="os.arch" value="amd64"/>
    <property name="java.io.tmpdir" value="/tmp"/>
    <property name="line.separator" value="
"/>
    <property name="java.vm.specification.vendor" value="Oracle Corporation"/>
    <property name="os.name" value="Linux"/>
    <property name="classworlds.conf" value="/usr/local/maven-3.6.0/bin/m2.conf"/>
    <property name="sun.jnu.encoding" value="UTF-8"/>
    <property name="java.library.path" value="/usr/java/packages/lib:/usr/lib64:/lib64:/lib:/usr/lib"/>
    <property name="maven.conf" value="/usr/local/maven-3.6.0/conf"/>
    <property name="jdk.debug" value="release"/>
    <property name="java.class.version" value="55.0"/>
    <property name="java.specification.name" value="Java Platform API Specification"/>
    <property name="sun.management.compiler" value="HotSpot 64-Bit Tiered Compilers"/>
    <property name="os.version" value="4.15.0-1037-gcp"/>
    <property name="library.jansi.path" value="/usr/local/maven-3.6.0/lib/jansi-native"/>
    <property name="user.home" value="/home/travis"/>
    <property name="user.timezone" value="UTC"/>
    <property name="java.awt.printerjob" value="sun.print.PSPrinterJob"/>
    <property name="file.encoding" value="UTF-8"/>
    <property name="java.specification.version" value="11"/>
    <property name="user.name" value="travis"/>
    <property name="java.class.path" value="/usr/local/maven-3.6.0/boot/plexus-classworlds-2.5.2.jar"/>
    <property name="java.vm.specification.version" value="11"/>
    <property name="sun.arch.data.model" value="64"/>
    <property name="sun.java.command" value="org.codehaus.plexus.classworlds.launcher.Launcher test -B"/>
    <property name="java.home" value="/usr/local/lib/jvm/openjdk11"/>
    <property name="user.language" value="en"/>
    <property name="java.specification.vendor" value="Oracle Corporation"/>
    <property name="awt.toolkit" value="sun.awt.X11.XToolkit"/>
    <property name="java.vm.info" value="mixed mode"/>
    <property name="java.version" value="11.0.2"/>
    <property name="securerandom.source" value="file:/dev/./urandom"/>
    <property name="java.vendor" value="Oracle Corporation"/>
    <property name="maven.home" value="/usr/local/maven-3.6.0"/>
    <property name="file.separator" value="/"/>
    <property name="java.version.date" value="2019-01-15"/>
    <property name="java.vendor.url.bug" value="http://bugreport.java.com/bugreport/"/>
    <property name="sun.io.unicode.encoding" value="UnicodeLittle"/>
    <property name="sun.cpu.endian" value="little"/>
    <property name="java.vendor.version" value="18.9"/>
    <property name="sun.cpu.isalist" value=""/>
  </properties>
  <testcase classname="com.ioio.jsontools.core.rest.FilterServiceTest" name="shouldHandleNestedObjects" time="0.054"/>
  <testcase classname="com.ioio.jsontools.core.rest.FilterServiceTest" name="shouldHandleArrays" time="0.003"/>
  <testcase classname="com.ioio.jsontools.core.rest.FilterServiceTest" name="shouldTranslateLikeWhitelist" time="0.001"/>
  <testcase classname="com.ioio.jsontools.core.rest.FilterServiceTest" name="shouldDiscardEmpty" time="0.001"/>
</testsuite>